[INFO ] 2023-04-21 19:32:04.973 [main] BankingDemo - Username is entered.
[INFO ] 2023-04-21 19:32:05.037 [main] BankingDemo - password is entered.
[INFO ] 2023-04-21 19:32:09.855 [main] BankingDemo - Test case is passed.
[INFO ] 2023-04-21 19:32:15.052 [main] BankingDemo - clicked on logout button.
[INFO ] 2023-04-21 19:32:16.892 [main] BankingDemo - Username is entered.
[INFO ] 2023-04-21 19:32:17.028 [main] BankingDemo - password is entered.
[INFO ] 2023-04-21 19:35:14.462 [main] BankingDemo - User name is provided..
[INFO ] 2023-04-21 19:35:14.609 [main] BankingDemo - password is provided...
[INFO ] 2023-04-21 19:35:16.609 [main] BankingDemo - Login button is clicked...
[INFO ] 2023-04-21 19:35:19.822 [main] BankingDemo - Clicked on new customer...
[INFO ] 2023-04-21 19:35:19.824 [main] BankingDemo - user enter the customer details....
[INFO ] 2023-04-21 21:10:00.813 [main] BankingDemo - URL is opened
[INFO ] 2023-04-21 21:10:01.750 [main] BankingDemo - Entered Username. 
[INFO ] 2023-04-21 21:10:02.020 [main] BankingDemo - Password Entered.
[INFO ] 2023-04-21 21:10:04.289 [main] BankingDemo - Clicked on Login Button.
[INFO ] 2023-04-21 21:10:42.775 [main] BankingDemo - URL is opened
[INFO ] 2023-04-21 21:10:43.194 [main] BankingDemo - Entered Username. 
[INFO ] 2023-04-21 21:10:43.443 [main] BankingDemo - Password Entered.
[INFO ] 2023-04-21 21:10:45.109 [main] BankingDemo - Clicked on Login Button.
[INFO ] 2023-04-21 21:13:01.974 [main] BankingDemo - URL is opened
[INFO ] 2023-04-21 21:13:02.458 [main] BankingDemo - Entered Username. 
[INFO ] 2023-04-21 21:13:02.550 [main] BankingDemo - Password Entered.
[INFO ] 2023-04-21 21:13:04.016 [main] BankingDemo - Clicked on Login Button.
[INFO ] 2023-04-21 23:27:51.633 [main] BankingDemo - URL is opened
[INFO ] 2023-04-21 23:27:54.188 [main] BankingDemo - Entered Username. 
[INFO ] 2023-04-21 23:27:55.417 [main] BankingDemo - Password Entered.
[INFO ] 2023-04-21 23:27:57.639 [main] BankingDemo - Clicked on Login Button.
[INFO ] 2023-04-25 17:00:34.732 [main] BankingDemo - URL is opened
[INFO ] 2023-04-25 17:00:35.067 [main] BankingDemo - Entered Username. 
[INFO ] 2023-04-25 17:00:35.160 [main] BankingDemo - Password Entered.
[INFO ] 2023-04-25 17:00:36.345 [main] BankingDemo - Clicked on Login Button.
